Base path: C:/Program Files/Unity/Editor/Data
Pipe name: \\.\pipe\UnityShaderCompiler-64bit-1-6792
Cmd: getPlatforms
Cmd: preprocess
  insize=2970 outsize=2312 ok=1
Cmd: compileSnippet
  api=1 type=0 insize=3085 outsize=475 kw= pd= ok=1
Cmd: compileSnippet
  api=1 type=1 insize=3085 outsize=360 kw= pd= ok=1
Cmd: preprocess
  insize=1248 outsize=340 ok=1
Cmd: compileSnippet
  api=1 type=0 insize=1210 outsize=246 kw= pd= ok=1
Cmd: compileSnippet
  api=1 type=1 insize=1210 outsize=185 kw= pd= ok=1
Cmd: preprocess
  insize=1306 outsize=373 ok=1
Cmd: compileSnippet
  api=1 type=0 insize=1235 outsize=246 kw= pd= ok=1
Cmd: compileSnippet
  api=1 type=1 insize=1235 outsize=185 kw= pd= ok=1
